<?xml version="1.0" encoding="utf-8"?><testsuites name="pytest tests"><testsuite name="pytest" errors="0" failures="0" skipped="0" tests="23" time="9.320" timestamp="2026-02-20T17:05:54.433478+00:00" hostname="agent-env-b1ffef52-57c2-48b8-b387-7082b88e1fa0"><testcase classname="backend.tests.test_powerleave_api.TestHealthCheck" name="test_health_endpoint" time="2.619" /><testcase classname="backend.tests.test_powerleave_api.TestAuthentication" name="test_login_admin" time="0.311" /><testcase classname="backend.tests.test_powerleave_api.TestAuthentication" name="test_login_user" time="0.319" /><testcase classname="backend.tests.test_powerleave_api.TestAuthentication" name="test_login_invalid" time="0.076" /><testcase classname="backend.tests.test_powerleave_api.TestAuthentication" name="test_me_without_token" time="0.075" /><testcase classname="backend.tests.test_powerleave_api.TestAuthentication" name="test_session_persistence" time="0.241" /><testcase classname="backend.tests.test_powerleave_api.TestLeaveTypes" name="test_get_leave_types" time="0.082" /><testcase classname="backend.tests.test_powerleave_api.TestLeaveRequests" name="test_get_leave_requests_admin" time="0.093" /><testcase classname="backend.tests.test_powerleave_api.TestLeaveRequests" name="test_create_leave_request" time="0.466" /><testcase classname="backend.tests.test_powerleave_api.TestLeaveRequests" name="test_leave_request_review" time="0.241" /><testcase classname="backend.tests.test_powerleave_api.TestAnnouncements" name="test_get_announcements" time="0.075" /><testcase classname="backend.tests.test_powerleave_api.TestAnnouncements" name="test_crud_announcement" time="0.423" /><testcase classname="backend.tests.test_powerleave_api.TestAnnouncements" name="test_user_cannot_create" time="0.119" /><testcase classname="backend.tests.test_powerleave_api.TestClosures" name="test_get_closures" time="0.105" /><testcase classname="backend.tests.test_powerleave_api.TestClosures" name="test_closure_crud_and_exception" time="0.331" /><testcase classname="backend.tests.test_powerleave_api.TestClosures" name="test_user_cannot_create_closure" time="0.077" /><testcase classname="backend.tests.test_powerleave_api.TestTeam" name="test_get_team" time="0.072" /><testcase classname="backend.tests.test_powerleave_api.TestTeam" name="test_invite_no_temp_password_exposed" time="0.391" /><testcase classname="backend.tests.test_powerleave_api.TestStatsAndData" name="test_stats" time="0.108" /><testcase classname="backend.tests.test_powerleave_api.TestStatsAndData" name="test_calendar" time="0.087" /><testcase classname="backend.tests.test_powerleave_api.TestStatsAndData" name="test_leave_balances" time="0.082" /><testcase classname="backend.tests.test_powerleave_api.TestStatsAndData" name="test_organization" time="0.113" /><testcase classname="backend.tests.test_powerleave_api.TestStatsAndData" name="test_settings_rules" time="2.752" /></testsuite></testsuites>