<?xml version="1.0" encoding="utf-8"?><testsuites name="pytest tests"><testsuite name="pytest" errors="0" failures="0" skipped="0" tests="22" time="26.990" timestamp="2026-02-17T13:46:25.834366+00:00" hostname="agent-env-41a4bcd0-53c3-4470-8d9e-ff38e46b7dd3"><testcase classname="backend.tests.test_powerleave_api.TestHealthCheck" name="test_health_endpoint" time="0.594" /><testcase classname="backend.tests.test_powerleave_api.TestAuthentication" name="test_login_admin_success" time="0.835" /><testcase classname="backend.tests.test_powerleave_api.TestAuthentication" name="test_login_user_success" time="0.660" /><testcase classname="backend.tests.test_powerleave_api.TestAuthentication" name="test_login_invalid_credentials" time="0.434" /><testcase classname="backend.tests.test_powerleave_api.TestAuthentication" name="test_auth_me_without_token" time="0.436" /><testcase classname="backend.tests.test_powerleave_api.TestLeaveTypes" name="test_get_leave_types" time="1.133" /><testcase classname="backend.tests.test_powerleave_api.TestLeaveRequests" name="test_get_leave_requests_admin" time="1.219" /><testcase classname="backend.tests.test_powerleave_api.TestLeaveRequests" name="test_create_leave_request" time="1.441" /><testcase classname="backend.tests.test_powerleave_api.TestLeaveRequests" name="test_leave_request_approval" time="1.089" /><testcase classname="backend.tests.test_powerleave_api.TestAnnouncements" name="test_get_announcements" time="1.105" /><testcase classname="backend.tests.test_powerleave_api.TestAnnouncements" name="test_create_announcement_admin" time="1.162" /><testcase classname="backend.tests.test_powerleave_api.TestAnnouncements" name="test_create_announcement_user_forbidden" time="1.152" /><testcase classname="backend.tests.test_powerleave_api.TestAnnouncements" name="test_announcement_crud_flow" time="2.767" /><testcase classname="backend.tests.test_powerleave_api.TestClosures" name="test_get_closures" time="1.074" /><testcase classname="backend.tests.test_powerleave_api.TestClosures" name="test_create_closure_admin" time="1.058" /><testcase classname="backend.tests.test_powerleave_api.TestClosures" name="test_create_closure_user_forbidden" time="1.105" /><testcase classname="backend.tests.test_powerleave_api.TestClosures" name="test_closure_exception_flow" time="3.012" /><testcase classname="backend.tests.test_powerleave_api.TestTeamManagement" name="test_get_team_members" time="1.094" /><testcase classname="backend.tests.test_powerleave_api.TestTeamManagement" name="test_get_leave_balances" time="1.113" /><testcase classname="backend.tests.test_powerleave_api.TestStatistics" name="test_get_stats" time="1.164" /><testcase classname="backend.tests.test_powerleave_api.TestCalendar" name="test_get_monthly_calendar" time="1.151" /><testcase classname="backend.tests.test_powerleave_api.TestSessionPersistence" name="test_session_persists" time="1.964" /></testsuite></testsuites>