<?xml version="1.0" encoding="utf-8"?><testsuites name="pytest tests"><testsuite name="pytest" errors="0" failures="1" skipped="0" tests="22" time="9.387" timestamp="2026-02-17T19:58:47.297510+00:00" hostname="agent-env-41a4bcd0-53c3-4470-8d9e-ff38e46b7dd3"><testcase classname="backend.tests.test_powerleave_api.TestHealthCheck" name="test_health_endpoint" time="0.152" /><testcase classname="backend.tests.test_powerleave_api.TestAuthentication" name="test_login_admin_success" time="0.301" /><testcase classname="backend.tests.test_powerleave_api.TestAuthentication" name="test_login_user_success" time="0.308" /><testcase classname="backend.tests.test_powerleave_api.TestAuthentication" name="test_login_invalid_credentials" time="0.114" /><testcase classname="backend.tests.test_powerleave_api.TestAuthentication" name="test_auth_me_without_token" time="0.103" /><testcase classname="backend.tests.test_powerleave_api.TestLeaveTypes" name="test_get_leave_types" time="0.450" /><testcase classname="backend.tests.test_powerleave_api.TestLeaveRequests" name="test_get_leave_requests_admin" time="0.417" /><testcase classname="backend.tests.test_powerleave_api.TestLeaveRequests" name="test_create_leave_request" time="0.423"><failure message="assert 400 == 200&#10; +  where 400 = &lt;Response [400]&gt;.status_code">backend/tests/test_powerleave_api.py:135: in test_create_leave_request
    assert response.status_code == 200
E   assert 400 == 200
E    +  where 400 = &lt;Response [400]&gt;.status_code</failure></testcase><testcase classname="backend.tests.test_powerleave_api.TestLeaveRequests" name="test_leave_request_approval" time="0.468" /><testcase classname="backend.tests.test_powerleave_api.TestAnnouncements" name="test_get_announcements" time="0.433" /><testcase classname="backend.tests.test_powerleave_api.TestAnnouncements" name="test_create_announcement_admin" time="0.443" /><testcase classname="backend.tests.test_powerleave_api.TestAnnouncements" name="test_create_announcement_user_forbidden" time="0.418" /><testcase classname="backend.tests.test_powerleave_api.TestAnnouncements" name="test_announcement_crud_flow" time="0.837" /><testcase classname="backend.tests.test_powerleave_api.TestClosures" name="test_get_closures" time="0.453" /><testcase classname="backend.tests.test_powerleave_api.TestClosures" name="test_create_closure_admin" time="0.400" /><testcase classname="backend.tests.test_powerleave_api.TestClosures" name="test_create_closure_user_forbidden" time="0.420" /><testcase classname="backend.tests.test_powerleave_api.TestClosures" name="test_closure_exception_flow" time="0.972" /><testcase classname="backend.tests.test_powerleave_api.TestTeamManagement" name="test_get_team_members" time="0.387" /><testcase classname="backend.tests.test_powerleave_api.TestTeamManagement" name="test_get_leave_balances" time="0.422" /><testcase classname="backend.tests.test_powerleave_api.TestStatistics" name="test_get_stats" time="0.381" /><testcase classname="backend.tests.test_powerleave_api.TestCalendar" name="test_get_monthly_calendar" time="0.383" /><testcase classname="backend.tests.test_powerleave_api.TestSessionPersistence" name="test_session_persists" time="0.574" /></testsuite></testsuites>